2025-04-08 22:00:43,840 - Game started with players: alo, mia
2025-04-08 22:00:43,842 - mia wins the round.
2025-04-08 22:00:43,842 - mia wins the round.
2025-04-08 22:00:43,844 - mia wins the round.
2025-04-08 22:00:43,844 - mia wins the round.
2025-04-08 22:00:43,845 - alo wins the round.
2025-04-08 22:00:43,845 - alo wins the round.
2025-04-08 22:00:43,846 - alo wins the round.
2025-04-08 22:00:43,846 - mia wins the round.
2025-04-08 22:00:43,847 - mia wins the round.
2025-04-08 22:00:43,847 - alo wins the round.
2025-04-08 22:00:43,848 - mia wins the round.
2025-04-08 22:00:43,848 - alo wins the round.
2025-04-08 22:00:43,849 - alo wins the round.
2025-04-08 22:00:43,849 - alo wins the round.
2025-04-08 22:00:43,849 - alo wins the round.
2025-04-08 22:00:43,850 - mia wins the round.
2025-04-08 22:00:43,850 - alo wins the round.
2025-04-08 22:00:43,850 - alo wins the round.
2025-04-08 22:00:43,851 - mia wins the round.
2025-04-08 22:00:43,851 - mia wins the round.
2025-04-08 22:00:43,851 - mia wins the round.
2025-04-08 22:00:43,851 - mia wins the round.
2025-04-08 22:00:43,852 - alo wins the round.
2025-04-08 22:00:43,852 - mia wins the round.
2025-04-08 22:00:43,853 - alo wins the round.
2025-04-08 22:00:43,853 - mia wins the round.
2025-04-08 22:00:43,853 - alo wins the round.
2025-04-08 22:00:43,854 - War started between: alo, mia
2025-04-08 22:00:43,854 - mia wins the war.
2025-04-08 22:00:43,854 - alo wins the round.
2025-04-08 22:00:43,854 - alo wins the round.
2025-04-08 22:00:43,855 - alo wins the round.
2025-04-08 22:00:43,855 - mia wins the round.
2025-04-08 22:00:43,855 - mia wins the round.
2025-04-08 22:00:43,855 - mia wins the round.
2025-04-08 22:00:43,856 - alo wins the round.
2025-04-08 22:00:43,856 - mia wins the round.
2025-04-08 22:00:43,856 - alo wins the round.
2025-04-08 22:00:43,857 - alo wins the round.
2025-04-08 22:00:43,857 - alo wins the round.
2025-04-08 22:00:43,858 - mia wins the round.
2025-04-08 22:00:43,858 - alo wins the round.
2025-04-08 22:00:43,858 - mia wins the round.
2025-04-08 22:00:43,859 - alo wins the round.
2025-04-08 22:00:43,859 - mia wins the round.
2025-04-08 22:00:43,860 - alo wins the round.
2025-04-08 22:00:43,860 - alo wins the round.
2025-04-08 22:00:43,860 - alo wins the round.
2025-04-08 22:00:43,860 - mia wins the round.
2025-04-08 22:00:43,861 - alo wins the round.
2025-04-08 22:00:43,861 - mia wins the round.
2025-04-08 22:00:43,861 - alo wins the round.
2025-04-08 22:00:43,861 - mia wins the round.
2025-04-08 22:00:43,861 - alo wins the round.
2025-04-08 22:00:43,861 - mia wins the round.
2025-04-08 22:00:43,863 - alo wins the round.
2025-04-08 22:00:43,863 - alo wins the round.
2025-04-08 22:00:43,863 - alo wins the round.
2025-04-08 22:00:43,863 - mia wins the round.
2025-04-08 22:00:43,864 - alo wins the round.
2025-04-08 22:00:43,864 - mia wins the round.
2025-04-08 22:00:43,864 - alo wins the round.
2025-04-08 22:00:43,864 - mia wins the round.
2025-04-08 22:00:43,865 - alo wins the round.
2025-04-08 22:00:43,865 - mia wins the round.
2025-04-08 22:00:43,865 - alo wins the round.
2025-04-08 22:00:43,866 - mia wins the round.
2025-04-08 22:00:43,866 - alo wins the round.
2025-04-08 22:00:43,866 - War started between: alo, mia
2025-04-08 22:00:43,866 - mia wins the war.
2025-04-08 22:00:43,866 - alo wins the round.
2025-04-08 22:00:43,867 - mia wins the round.
2025-04-08 22:00:43,867 - alo wins the round.
2025-04-08 22:00:43,867 - alo wins the round.
2025-04-08 22:00:43,868 - alo wins the round.
2025-04-08 22:00:43,868 - mia wins the round.
2025-04-08 22:00:43,868 - alo wins the round.
2025-04-08 22:00:43,868 - mia wins the round.
2025-04-08 22:00:43,869 - War started between: alo, mia
2025-04-08 22:00:43,869 - alo wins the war.
2025-04-08 22:00:43,869 - mia wins the round.
2025-04-08 22:00:43,870 - alo wins the round.
2025-04-08 22:00:43,870 - mia wins the round.
2025-04-08 22:00:43,871 - alo wins the round.
2025-04-08 22:00:43,871 - mia wins the round.
2025-04-08 22:00:43,871 - alo wins the round.
2025-04-08 22:00:43,872 - mia wins the round.
2025-04-08 22:00:43,872 - alo wins the round.
2025-04-08 22:00:43,872 - mia wins the round.
2025-04-08 22:00:43,872 - alo wins the round.
2025-04-08 22:00:43,873 - mia wins the round.
2025-04-08 22:00:43,873 - mia wins the round.
2025-04-08 22:00:43,874 - mia wins the round.
2025-04-08 22:00:43,874 - War started between: alo, mia
2025-04-08 22:00:43,874 - alo wins the war.
2025-04-08 22:00:43,874 - mia wins the round.
2025-04-08 22:00:43,875 - mia wins the round.
2025-04-08 22:00:43,875 - mia wins the round.
2025-04-08 22:00:43,875 - mia wins the round.
2025-04-08 22:00:43,875 - alo wins the round.
2025-04-08 22:00:43,875 - alo wins the round.
2025-04-08 22:00:43,876 - mia wins the round.
2025-04-08 22:00:43,876 - alo wins the round.
2025-04-08 22:00:43,876 - mia wins the round.
2025-04-08 22:00:43,876 - alo wins the round.
2025-04-08 22:00:43,877 - mia wins the round.
2025-04-08 22:00:43,877 - alo wins the round.
2025-04-08 22:00:43,877 - mia wins the round.
2025-04-08 22:00:43,878 - alo wins the round.
2025-04-08 22:00:43,878 - mia wins the round.
2025-04-08 22:00:43,879 - alo wins the round.
2025-04-08 22:00:43,879 - War started between: alo, mia
2025-04-08 22:00:43,879 - alo wins the war.
2025-04-08 22:00:43,879 - alo wins the round.
2025-04-08 22:00:43,879 - mia wins the round.
2025-04-08 22:00:43,879 - alo wins the round.
2025-04-08 22:00:43,879 - alo wins the round.
2025-04-08 22:00:43,879 - alo wins the round.
2025-04-08 22:00:43,880 - mia wins the round.
2025-04-08 22:00:43,880 - alo wins the round.
2025-04-08 22:00:43,880 - alo wins the round.
2025-04-08 22:00:43,881 - alo wins the round.
2025-04-08 22:00:43,882 - mia wins the round.
2025-04-08 22:00:43,882 - alo wins the round.
2025-04-08 22:00:43,883 - mia wins the round.
2025-04-08 22:00:43,883 - alo wins the round.
2025-04-08 22:00:43,883 - mia wins the round.
2025-04-08 22:00:43,883 - alo wins the round.
2025-04-08 22:00:43,884 - mia wins the round.
2025-04-08 22:00:43,884 - alo wins the round.
2025-04-08 22:00:43,884 - alo wins the round.
2025-04-08 22:00:43,884 - alo wins the round.
2025-04-08 22:00:43,885 - mia wins the round.
2025-04-08 22:00:43,885 - mia wins the round.
2025-04-08 22:00:43,885 - mia wins the round.
2025-04-08 22:00:43,885 - mia wins the round.
2025-04-08 22:00:43,885 - mia wins the round.
2025-04-08 22:00:43,885 - mia wins the round.
2025-04-08 22:00:43,886 - mia wins the round.
2025-04-08 22:00:43,886 - alo wins the round.
2025-04-08 22:00:43,886 - mia wins the round.
2025-04-08 22:00:43,886 - alo wins the round.
2025-04-08 22:00:43,887 - mia wins the round.
2025-04-08 22:00:43,887 - alo wins the round.
2025-04-08 22:00:43,887 - mia wins the round.
2025-04-08 22:00:43,887 - mia wins the round.
2025-04-08 22:00:43,888 - mia wins the round.
2025-04-08 22:00:43,888 - alo wins the round.
2025-04-08 22:00:43,888 - mia wins the round.
2025-04-08 22:00:43,889 - mia wins the round.
2025-04-08 22:00:43,889 - mia wins the round.
2025-04-08 22:00:43,889 - alo wins the round.
2025-04-08 22:00:43,889 - mia wins the round.
2025-04-08 22:00:43,889 - alo wins the round.
2025-04-08 22:00:43,889 - mia wins the round.
2025-04-08 22:00:43,889 - alo wins the round.
2025-04-08 22:00:43,890 - mia wins the round.
2025-04-08 22:00:43,890 - alo wins the round.
2025-04-08 22:00:43,890 - mia wins the round.
2025-04-08 22:00:43,890 - War started between: alo, mia
2025-04-08 22:00:43,891 - alo wins the war.
2025-04-08 22:00:43,891 - mia wins the round.
2025-04-08 22:00:43,891 - alo wins the round.
2025-04-08 22:00:43,891 - mia wins the round.
2025-04-08 22:00:43,891 - alo wins the round.
2025-04-08 22:00:43,892 - mia wins the round.
2025-04-08 22:00:43,892 - mia wins the round.
2025-04-08 22:00:43,892 - mia wins the round.
2025-04-08 22:00:43,892 - alo wins the round.
2025-04-08 22:00:43,892 - mia wins the round.
2025-04-08 22:00:43,893 - alo wins the round.
2025-04-08 22:00:43,894 - mia wins the round.
2025-04-08 22:00:43,894 - alo wins the round.
2025-04-08 22:00:43,894 - mia wins the round.
2025-04-08 22:00:43,895 - alo wins the round.
2025-04-08 22:00:43,895 - mia wins the round.
2025-04-08 22:00:43,895 - alo wins the round.
2025-04-08 22:00:43,895 - mia wins the round.
2025-04-08 22:00:43,896 - alo wins the round.
2025-04-08 22:00:43,896 - mia wins the round.
2025-04-08 22:00:43,896 - alo wins the round.
2025-04-08 22:00:43,896 - mia wins the round.
2025-04-08 22:00:43,897 - alo wins the round.
2025-04-08 22:00:43,897 - mia wins the round.
2025-04-08 22:00:43,897 - alo wins the round.
2025-04-08 22:00:43,897 - mia wins the round.
2025-04-08 22:00:43,897 - alo wins the round.
2025-04-08 22:00:43,898 - War started between: alo, mia
2025-04-08 22:00:43,898 - mia wins the war.
2025-04-08 22:00:43,898 - alo wins the round.
2025-04-08 22:00:43,898 - alo wins the round.
2025-04-08 22:00:43,898 - alo wins the round.
2025-04-08 22:00:43,899 - mia wins the round.
2025-04-08 22:00:43,899 - alo wins the round.
2025-04-08 22:00:43,899 - mia wins the round.
2025-04-08 22:00:43,899 - alo wins the round.
2025-04-08 22:00:43,900 - mia wins the round.
2025-04-08 22:00:43,900 - alo wins the round.
2025-04-08 22:00:43,900 - mia wins the round.
2025-04-08 22:00:43,900 - alo wins the round.
2025-04-08 22:00:43,901 - mia wins the round.
2025-04-08 22:00:43,901 - alo wins the round.
2025-04-08 22:00:43,901 - mia wins the round.
2025-04-08 22:00:43,901 - alo wins the round.
2025-04-08 22:00:43,902 - mia wins the round.
2025-04-08 22:00:43,902 - alo wins the round.
2025-04-08 22:00:43,902 - mia wins the round.
2025-04-08 22:00:43,902 - alo wins the round.
2025-04-08 22:00:43,903 - mia wins the round.
2025-04-08 22:00:43,903 - mia wins the round.
2025-04-08 22:00:43,903 - mia wins the round.
2025-04-08 22:00:43,903 - alo wins the round.
2025-04-08 22:00:43,903 - mia wins the round.
2025-04-08 22:00:43,904 - alo wins the round.
2025-04-08 22:00:43,904 - mia wins the round.
2025-04-08 22:00:43,904 - alo wins the round.
2025-04-08 22:00:43,905 - mia wins the round.
2025-04-08 22:00:43,905 - alo wins the round.
2025-04-08 22:00:43,905 - mia wins the round.
2025-04-08 22:00:43,905 - alo wins the round.
2025-04-08 22:00:43,906 - mia wins the round.
2025-04-08 22:00:43,906 - alo wins the round.
2025-04-08 22:00:43,906 - mia wins the round.
2025-04-08 22:00:43,906 - alo wins the round.
2025-04-08 22:00:43,907 - mia wins the round.
2025-04-08 22:00:43,907 - alo wins the round.
2025-04-08 22:00:43,907 - mia wins the round.
2025-04-08 22:00:43,908 - alo wins the round.
2025-04-08 22:00:43,908 - mia wins the round.
2025-04-08 22:00:43,908 - alo wins the round.
2025-04-08 22:00:43,908 - mia wins the round.
2025-04-08 22:00:43,909 - alo wins the round.
2025-04-08 22:00:43,909 - mia wins the round.
2025-04-08 22:00:43,909 - alo wins the round.
2025-04-08 22:00:43,909 - mia wins the round.
2025-04-08 22:00:43,910 - alo wins the round.
2025-04-08 22:00:43,910 - mia wins the round.
2025-04-08 22:00:43,910 - alo wins the round.
2025-04-08 22:00:43,910 - mia wins the round.
2025-04-08 22:00:43,910 - alo wins the round.
2025-04-08 22:00:43,911 - mia wins the round.
2025-04-08 22:00:43,911 - alo wins the round.
2025-04-08 22:00:43,911 - mia wins the round.
2025-04-08 22:00:43,911 - alo wins the round.
2025-04-08 22:00:43,911 - mia wins the round.
2025-04-08 22:00:43,912 - alo wins the round.
2025-04-08 22:00:43,912 - mia wins the round.
2025-04-08 22:00:43,912 - alo wins the round.
2025-04-08 22:00:43,912 - mia wins the round.
2025-04-08 22:00:43,913 - alo wins the round.
2025-04-08 22:00:43,913 - mia wins the round.
2025-04-08 22:00:43,913 - alo wins the round.
2025-04-08 22:00:43,913 - mia wins the round.
2025-04-08 22:00:43,913 - alo wins the round.
2025-04-08 22:00:43,914 - mia wins the round.
2025-04-08 22:00:43,914 - alo wins the round.
2025-04-08 22:00:43,915 - mia wins the round.
2025-04-08 22:00:43,915 - alo wins the round.
2025-04-08 22:00:43,915 - mia wins the round.
2025-04-08 22:00:43,915 - alo wins the round.
2025-04-08 22:00:43,915 - mia wins the round.
2025-04-08 22:00:43,915 - alo wins the round.
2025-04-08 22:00:43,916 - mia wins the round.
2025-04-08 22:00:43,916 - alo wins the round.
2025-04-08 22:00:43,916 - mia wins the round.
2025-04-08 22:00:43,916 - alo wins the round.
2025-04-08 22:00:43,917 - mia wins the round.
2025-04-08 22:00:43,917 - alo wins the round.
2025-04-08 22:00:43,917 - mia wins the round.
2025-04-08 22:00:43,917 - War started between: alo, mia
2025-04-08 22:00:43,918 - alo wins the war.
2025-04-08 22:00:43,918 - mia wins the round.
2025-04-08 22:00:43,918 - alo wins the round.
2025-04-08 22:00:43,918 - mia wins the round.
2025-04-08 22:00:43,919 - alo wins the round.
2025-04-08 22:00:43,919 - mia wins the round.
2025-04-08 22:00:43,920 - alo wins the round.
2025-04-08 22:00:43,920 - mia wins the round.
2025-04-08 22:00:43,920 - alo wins the round.
2025-04-08 22:00:43,920 - mia wins the round.
2025-04-08 22:00:43,920 - alo wins the round.
2025-04-08 22:00:43,921 - mia wins the round.
2025-04-08 22:00:43,921 - alo wins the round.
2025-04-08 22:00:43,921 - mia wins the round.
2025-04-08 22:00:43,921 - alo wins the round.
2025-04-08 22:00:43,922 - War started between: alo, mia
2025-04-08 22:00:43,922 - mia wins the war.
2025-04-08 22:00:43,922 - alo wins the round.
2025-04-08 22:00:43,922 - mia wins the round.
2025-04-08 22:00:43,922 - alo wins the round.
2025-04-08 22:00:43,923 - mia wins the round.
2025-04-08 22:00:43,923 - alo wins the round.
2025-04-08 22:00:43,923 - War started between: alo, mia
2025-04-08 22:00:43,923 - alo wins the war.
2025-04-08 22:00:43,923 - alo wins the round.
2025-04-08 22:00:43,924 - mia wins the round.
2025-04-08 22:00:43,924 - mia wins the round.
2025-04-08 22:00:43,924 - mia wins the round.
2025-04-08 22:00:43,924 - alo wins the round.
2025-04-08 22:00:43,925 - mia wins the round.
2025-04-08 22:00:43,925 - alo wins the round.
2025-04-08 22:00:43,925 - War started between: alo, mia
2025-04-08 22:00:43,925 - mia wins the war.
2025-04-08 22:00:43,925 - alo wins the round.
2025-04-08 22:00:43,925 - mia wins the round.
2025-04-08 22:00:43,926 - alo wins the round.
2025-04-08 22:00:43,926 - mia wins the round.
2025-04-08 22:00:43,926 - alo wins the round.
2025-04-08 22:00:43,926 - mia wins the round.
2025-04-08 22:00:43,926 - alo wins the round.
2025-04-08 22:00:43,927 - mia wins the round.
2025-04-08 22:00:43,927 - alo wins the round.
2025-04-08 22:00:43,927 - mia wins the round.
2025-04-08 22:00:43,927 - mia wins the round.
2025-04-08 22:00:43,927 - mia wins the round.
2025-04-08 22:00:43,928 - alo wins the round.
2025-04-08 22:00:43,928 - alo wins the round.
2025-04-08 22:00:43,928 - alo wins the round.
2025-04-08 22:00:43,928 - alo wins the round.
2025-04-08 22:00:43,928 - alo wins the round.
2025-04-08 22:00:43,929 - alo wins the round.
2025-04-08 22:00:43,929 - mia wins the round.
2025-04-08 22:00:43,929 - alo wins the round.
2025-04-08 22:00:43,929 - mia wins the round.
2025-04-08 22:00:43,930 - alo wins the round.
2025-04-08 22:00:43,931 - alo wins the round.
2025-04-08 22:00:43,931 - mia wins the round.
2025-04-08 22:00:43,931 - alo wins the round.
2025-04-08 22:00:43,931 - mia wins the round.
2025-04-08 22:00:43,932 - alo wins the round.
2025-04-08 22:00:43,932 - alo wins the round.
2025-04-08 22:00:43,932 - alo wins the round.
2025-04-08 22:00:43,932 - mia wins the round.
2025-04-08 22:00:43,933 - alo wins the round.
2025-04-08 22:00:43,933 - mia wins the round.
2025-04-08 22:00:43,933 - alo wins the round.
2025-04-08 22:00:43,933 - mia wins the round.
2025-04-08 22:00:43,933 - alo wins the round.
2025-04-08 22:00:43,933 - mia wins the round.
2025-04-08 22:00:43,933 - alo wins the round.
2025-04-08 22:00:43,933 - mia wins the round.
2025-04-08 22:00:43,934 - alo wins the round.
2025-04-08 22:00:43,934 - mia wins the round.
2025-04-08 22:00:43,934 - alo wins the round.
2025-04-08 22:00:43,934 - mia wins the round.
2025-04-08 22:00:43,934 - War started between: alo, mia
2025-04-08 22:00:43,935 - alo wins the war.
2025-04-08 22:00:43,935 - mia wins the round.
2025-04-08 22:00:43,935 - alo wins the round.
2025-04-08 22:00:43,935 - mia wins the round.
2025-04-08 22:00:43,935 - alo wins the round.
2025-04-08 22:00:43,936 - mia wins the round.
2025-04-08 22:00:43,936 - alo wins the round.
2025-04-08 22:00:43,936 - mia wins the round.
2025-04-08 22:00:43,937 - alo wins the round.
2025-04-08 22:00:43,937 - mia wins the round.
2025-04-08 22:00:43,937 - alo wins the round.
2025-04-08 22:00:43,937 - mia wins the round.
2025-04-08 22:00:43,937 - alo wins the round.
2025-04-08 22:00:43,938 - mia wins the round.
2025-04-08 22:00:43,938 - alo wins the round.
2025-04-08 22:00:43,938 - mia wins the round.
2025-04-08 22:00:43,939 - alo wins the round.
2025-04-08 22:00:43,939 - mia wins the round.
2025-04-08 22:00:43,939 - alo wins the round.
2025-04-08 22:00:43,939 - mia wins the round.
2025-04-08 22:00:43,940 - alo wins the round.
2025-04-08 22:00:43,940 - mia wins the round.
2025-04-08 22:00:43,940 - alo wins the round.
2025-04-08 22:00:43,941 - mia wins the round.
2025-04-08 22:00:43,941 - alo wins the round.
2025-04-08 22:00:43,941 - mia wins the round.
2025-04-08 22:00:43,941 - alo wins the round.
2025-04-08 22:00:43,942 - mia wins the round.
2025-04-08 22:00:43,942 - mia wins the round.
2025-04-08 22:00:43,942 - mia wins the round.
2025-04-08 22:00:43,942 - alo wins the round.
2025-04-08 22:00:43,943 - mia wins the round.
2025-04-08 22:00:43,943 - War started between: alo, mia
2025-04-08 22:00:43,943 - alo wins the war.
2025-04-08 22:00:43,943 - mia wins the round.
2025-04-08 22:00:43,943 - alo wins the round.
2025-04-08 22:00:43,944 - mia wins the round.
2025-04-08 22:00:43,944 - alo wins the round.
2025-04-08 22:00:43,945 - mia wins the round.
2025-04-08 22:00:43,945 - alo wins the round.
2025-04-08 22:00:43,945 - mia wins the round.
2025-04-08 22:00:43,945 - alo wins the round.
2025-04-08 22:00:43,945 - mia wins the round.
2025-04-08 22:00:43,945 - alo wins the round.
2025-04-08 22:00:43,946 - mia wins the round.
2025-04-08 22:00:43,946 - alo wins the round.
2025-04-08 22:00:43,946 - mia wins the round.
2025-04-08 22:00:43,946 - alo wins the round.
2025-04-08 22:00:43,946 - mia wins the round.
2025-04-08 22:00:43,947 - alo wins the round.
2025-04-08 22:00:43,947 - mia wins the round.
2025-04-08 22:00:43,947 - alo wins the round.
2025-04-08 22:00:43,947 - mia wins the round.
2025-04-08 22:00:43,947 - alo wins the round.
2025-04-08 22:00:43,948 - mia wins the round.
2025-04-08 22:00:43,948 - alo wins the round.
2025-04-08 22:00:43,948 - mia wins the round.
2025-04-08 22:00:43,948 - alo wins the round.
2025-04-08 22:00:43,949 - mia wins the round.
2025-04-08 22:00:43,949 - alo wins the round.
2025-04-08 22:00:43,950 - mia wins the round.
2025-04-08 22:00:43,951 - War started between: alo, mia
2025-04-08 22:00:43,951 - mia wins the war.
2025-04-08 22:00:43,951 - mia wins the round.
2025-04-08 22:00:43,951 - alo wins the round.
2025-04-08 22:00:43,952 - mia wins the round.
2025-04-08 22:00:43,952 - alo wins the round.
2025-04-08 22:00:43,952 - mia wins the round.
2025-04-08 22:00:43,952 - alo wins the round.
2025-04-08 22:00:43,953 - mia wins the round.
2025-04-08 22:00:43,953 - alo wins the round.
2025-04-08 22:00:43,953 - War started between: alo, mia
2025-04-08 22:00:43,954 - alo wins the war.
2025-04-08 22:00:43,955 - War started between: alo, mia
2025-04-08 22:00:43,956 - alo wins the war.
2025-04-08 22:00:43,956 - mia wins the round.
2025-04-08 22:00:43,956 - alo wins the round.
2025-04-08 22:00:43,957 - mia wins the round.
2025-04-08 22:00:43,957 - alo wins the round.
2025-04-08 22:00:43,957 - mia wins the round.
2025-04-08 22:00:43,957 - alo wins the round.
2025-04-08 22:00:43,958 - mia wins the round.
2025-04-08 22:00:43,958 - alo wins the round.
2025-04-08 22:00:43,958 - mia wins the round.
2025-04-08 22:00:43,959 - alo wins the round.
2025-04-08 22:00:43,959 - mia wins the round.
2025-04-08 22:00:43,960 - alo wins the round.
2025-04-08 22:00:43,960 - mia wins the round.
2025-04-08 22:00:43,961 - alo wins the round.
2025-04-08 22:00:43,961 - mia wins the round.
2025-04-08 22:00:43,961 - alo wins the round.
2025-04-08 22:00:43,962 - mia wins the round.
2025-04-08 22:00:43,962 - alo wins the round.
2025-04-08 22:00:43,963 - mia wins the round.
2025-04-08 22:00:43,963 - alo wins the round.
2025-04-08 22:00:43,963 - mia wins the round.
2025-04-08 22:00:43,963 - alo wins the round.
2025-04-08 22:00:43,964 - mia wins the round.
2025-04-08 22:00:43,964 - alo wins the round.
2025-04-08 22:00:43,964 - mia wins the round.
2025-04-08 22:00:43,965 - alo wins the round.
2025-04-08 22:00:43,966 - mia wins the round.
2025-04-08 22:00:43,966 - alo wins the round.
2025-04-08 22:00:43,966 - mia wins the round.
2025-04-08 22:00:43,966 - alo wins the round.
2025-04-08 22:00:43,967 - mia wins the round.
2025-04-08 22:00:43,967 - mia wins the round.
2025-04-08 22:00:43,969 - mia wins the round.
2025-04-08 22:00:43,969 - mia wins the round.
2025-04-08 22:00:43,969 - mia wins the round.
2025-04-08 22:00:43,969 - alo wins the round.
2025-04-08 22:00:43,970 - mia wins the round.
2025-04-08 22:00:43,970 - alo wins the round.
2025-04-08 22:00:43,970 - alo wins the round.
2025-04-08 22:00:43,970 - alo wins the round.
2025-04-08 22:00:43,970 - alo wins the round.
2025-04-08 22:00:43,971 - War started between: alo, mia
2025-04-08 22:00:43,971 - alo wins the war.
2025-04-08 22:00:43,971 - mia wins the round.
2025-04-08 22:00:43,971 - alo wins the round.
2025-04-08 22:00:43,971 - mia wins the round.
2025-04-08 22:00:43,972 - alo wins the round.
2025-04-08 22:00:43,972 - mia wins the round.
2025-04-08 22:00:43,972 - alo wins the round.
2025-04-08 22:00:43,972 - mia wins the round.
2025-04-08 22:00:43,973 - alo wins the round.
2025-04-08 22:00:43,973 - mia wins the round.
2025-04-08 22:00:43,973 - alo wins the round.
2025-04-08 22:00:43,974 - mia wins the round.
2025-04-08 22:00:43,974 - alo wins the round.
2025-04-08 22:00:43,974 - mia wins the round.
2025-04-08 22:00:43,975 - alo wins the round.
2025-04-08 22:00:43,975 - mia wins the round.
2025-04-08 22:00:43,975 - alo wins the round.
2025-04-08 22:00:43,976 - mia wins the round.
2025-04-08 22:00:43,976 - alo wins the round.
2025-04-08 22:00:43,976 - mia wins the round.
2025-04-08 22:00:43,977 - alo wins the round.
2025-04-08 22:00:43,977 - mia wins the round.
2025-04-08 22:00:43,977 - alo wins the round.
2025-04-08 22:00:43,978 - mia wins the round.
2025-04-08 22:00:43,978 - alo wins the round.
2025-04-08 22:00:43,978 - mia wins the round.
2025-04-08 22:00:43,978 - alo wins the round.
2025-04-08 22:00:43,979 - mia wins the round.
2025-04-08 22:00:43,979 - alo wins the round.
2025-04-08 22:00:43,979 - mia wins the round.
2025-04-08 22:00:43,980 - alo wins the round.
2025-04-08 22:00:43,980 - mia wins the round.
2025-04-08 22:00:43,981 - alo wins the round.
2025-04-08 22:00:43,981 - mia wins the round.
2025-04-08 22:00:43,981 - alo wins the round.
2025-04-08 22:00:43,981 - mia wins the round.
2025-04-08 22:00:43,982 - War started between: alo, mia
2025-04-08 22:00:43,982 - mia can't continue war. Eliminated.
2025-04-08 22:00:43,982 - alo wins the war.
2025-04-08 22:00:43,982 - alo wins the game!
2025-04-08 22:04:27,142 - game started with players: luky, vojta
2025-04-08 22:04:27,143 - vojta wins the round.
2025-04-08 22:04:27,144 - vojta wins the round.
2025-04-08 22:04:27,145 - luky wins the round.
2025-04-08 22:04:27,146 - luky wins the round.
2025-04-08 22:04:27,146 - luky wins the round.
2025-04-08 22:04:27,147 - vojta wins the round.
2025-04-08 22:04:27,147 - luky wins the round.
2025-04-08 22:04:27,148 - luky wins the round.
2025-04-08 22:04:27,149 - luky wins the round.
2025-04-08 22:04:27,149 - luky wins the round.
2025-04-08 22:04:27,150 - luky wins the round.
2025-04-08 22:04:27,150 - luky wins the round.
2025-04-08 22:04:27,151 - luky wins the round.
2025-04-08 22:04:27,152 - luky wins the round.
2025-04-08 22:04:27,153 - vojta wins the round.
2025-04-08 22:04:27,153 - vojta wins the round.
2025-04-08 22:04:27,153 - War started between: luky, vojta
2025-04-08 22:04:27,153 - luky wins the war.
2025-04-08 22:04:27,154 - vojta wins the round.
2025-04-08 22:04:27,155 - luky wins the round.
2025-04-08 22:04:27,155 - luky wins the round.
2025-04-08 22:04:27,155 - luky wins the round.
2025-04-08 22:04:27,155 - luky wins the round.
2025-04-08 22:04:27,156 - luky wins the round.
2025-04-08 22:04:27,156 - vojta wins the round.
2025-04-08 22:04:27,156 - luky wins the round.
2025-04-08 22:04:27,156 - vojta wins the round.
2025-04-08 22:04:27,156 - luky wins the round.
2025-04-08 22:04:27,156 - vojta wins the round.
2025-04-08 22:04:27,157 - luky wins the round.
2025-04-08 22:04:27,157 - vojta wins the round.
2025-04-08 22:04:27,157 - luky wins the round.
2025-04-08 22:04:27,157 - vojta wins the round.
2025-04-08 22:04:27,158 - luky wins the round.
2025-04-08 22:04:27,158 - vojta wins the round.
2025-04-08 22:04:27,158 - luky wins the round.
2025-04-08 22:04:27,158 - vojta wins the round.
2025-04-08 22:04:27,159 - luky wins the round.
2025-04-08 22:04:27,159 - luky wins the round.
2025-04-08 22:04:27,159 - luky wins the round.
2025-04-08 22:04:27,159 - vojta wins the round.
2025-04-08 22:04:27,160 - luky wins the round.
2025-04-08 22:04:27,160 - vojta wins the round.
2025-04-08 22:04:27,160 - luky wins the round.
2025-04-08 22:04:27,160 - vojta wins the round.
2025-04-08 22:04:27,161 - vojta wins the round.
2025-04-08 22:04:27,161 - vojta wins the round.
2025-04-08 22:04:27,161 - luky wins the round.
2025-04-08 22:04:27,161 - vojta wins the round.
2025-04-08 22:04:27,161 - luky wins the round.
2025-04-08 22:04:27,161 - War started between: luky, vojta
2025-04-08 22:04:27,162 - vojta wins the war.
2025-04-08 22:04:27,162 - luky wins the round.
2025-04-08 22:04:27,162 - luky wins the round.
2025-04-08 22:04:27,162 - luky wins the round.
2025-04-08 22:04:27,162 - vojta wins the round.
2025-04-08 22:04:27,163 - vojta wins the round.
2025-04-08 22:04:27,163 - vojta wins the round.
2025-04-08 22:04:27,163 - vojta wins the round.
2025-04-08 22:04:27,163 - vojta wins the round.
2025-04-08 22:04:27,164 - luky wins the round.
2025-04-08 22:04:27,164 - vojta wins the round.
2025-04-08 22:04:27,164 - luky wins the round.
2025-04-08 22:04:27,165 - vojta wins the round.
2025-04-08 22:04:27,165 - luky wins the round.
2025-04-08 22:04:27,165 - luky wins the round.
2025-04-08 22:04:27,165 - luky wins the round.
2025-04-08 22:04:27,165 - vojta wins the round.
2025-04-08 22:04:27,167 - luky wins the round.
2025-04-08 22:04:27,167 - vojta wins the round.
2025-04-08 22:04:27,167 - luky wins the round.
2025-04-08 22:04:27,167 - vojta wins the round.
2025-04-08 22:04:27,168 - luky wins the round.
2025-04-08 22:04:27,168 - vojta wins the round.
2025-04-08 22:04:27,168 - luky wins the round.
2025-04-08 22:04:27,168 - vojta wins the round.
2025-04-08 22:04:27,169 - luky wins the round.
2025-04-08 22:04:27,169 - vojta wins the round.
2025-04-08 22:04:27,169 - luky wins the round.
2025-04-08 22:04:27,169 - vojta wins the round.
2025-04-08 22:04:27,169 - War started between: luky, vojta
2025-04-08 22:04:27,170 - luky wins the war.
2025-04-08 22:04:27,170 - vojta wins the round.
2025-04-08 22:04:27,170 - luky wins the round.
2025-04-08 22:04:27,170 - vojta wins the round.
2025-04-08 22:04:27,170 - luky wins the round.
2025-04-08 22:04:27,171 - vojta wins the round.
2025-04-08 22:04:27,171 - luky wins the round.
2025-04-08 22:04:27,171 - vojta wins the round.
2025-04-08 22:04:27,171 - luky wins the round.
2025-04-08 22:04:27,171 - vojta wins the round.
2025-04-08 22:04:27,172 - luky wins the round.
2025-04-08 22:04:27,172 - vojta wins the round.
2025-04-08 22:04:27,172 - luky wins the round.
2025-04-08 22:04:27,172 - vojta wins the round.
2025-04-08 22:04:27,173 - luky wins the round.
2025-04-08 22:04:27,173 - vojta wins the round.
2025-04-08 22:04:27,173 - luky wins the round.
2025-04-08 22:04:27,173 - vojta wins the round.
2025-04-08 22:04:27,174 - War started between: luky, vojta
2025-04-08 22:04:27,174 - luky wins the war.
2025-04-08 22:04:27,175 - vojta wins the round.
2025-04-08 22:04:27,175 - luky wins the round.
2025-04-08 22:04:27,175 - vojta wins the round.
2025-04-08 22:04:27,175 - luky wins the round.
2025-04-08 22:04:27,175 - vojta wins the round.
2025-04-08 22:04:27,176 - luky wins the round.
2025-04-08 22:04:27,176 - vojta wins the round.
2025-04-08 22:04:27,176 - luky wins the round.
2025-04-08 22:04:27,176 - vojta wins the round.
2025-04-08 22:04:27,177 - luky wins the round.
2025-04-08 22:04:27,177 - vojta wins the round.
2025-04-08 22:04:27,177 - vojta wins the round.
2025-04-08 22:04:27,177 - luky wins the round.
2025-04-08 22:04:27,178 - luky wins the round.
2025-04-08 22:04:27,178 - War started between: luky, vojta
2025-04-08 22:04:27,178 - vojta wins the war.
2025-04-08 22:04:27,178 - luky wins the round.
2025-04-08 22:04:27,179 - luky wins the round.
2025-04-08 22:04:27,179 - luky wins the round.
2025-04-08 22:04:27,179 - vojta wins the round.
2025-04-08 22:04:27,179 - War started between: luky, vojta
2025-04-08 22:04:27,179 - luky wins the war.
2025-04-08 22:04:27,179 - vojta wins the round.
2025-04-08 22:04:27,180 - luky wins the round.
2025-04-08 22:04:27,180 - vojta wins the round.
2025-04-08 22:04:27,180 - luky wins the round.
2025-04-08 22:04:27,180 - vojta wins the round.
2025-04-08 22:04:27,181 - luky wins the round.
2025-04-08 22:04:27,181 - vojta wins the round.
2025-04-08 22:04:27,181 - luky wins the round.
2025-04-08 22:04:27,181 - vojta wins the round.
2025-04-08 22:04:27,181 - luky wins the round.
2025-04-08 22:04:27,181 - vojta wins the round.
2025-04-08 22:04:27,182 - luky wins the round.
2025-04-08 22:04:27,182 - luky wins the round.
2025-04-08 22:04:27,182 - luky wins the round.
2025-04-08 22:04:27,182 - vojta wins the round.
2025-04-08 22:04:27,183 - luky wins the round.
2025-04-08 22:04:27,183 - vojta wins the round.
2025-04-08 22:04:27,183 - luky wins the round.
2025-04-08 22:04:27,184 - vojta wins the round.
2025-04-08 22:04:27,184 - luky wins the round.
2025-04-08 22:04:27,184 - vojta wins the round.
2025-04-08 22:04:27,184 - luky wins the round.
2025-04-08 22:04:27,185 - vojta wins the round.
2025-04-08 22:04:27,185 - luky wins the round.
2025-04-08 22:04:27,185 - vojta wins the round.
2025-04-08 22:04:27,185 - vojta wins the round.
2025-04-08 22:04:27,185 - vojta wins the round.
2025-04-08 22:04:27,186 - luky wins the round.
2025-04-08 22:04:27,186 - vojta wins the round.
2025-04-08 22:04:27,186 - luky wins the round.
2025-04-08 22:04:27,186 - vojta wins the round.
2025-04-08 22:04:27,186 - luky wins the round.
2025-04-08 22:04:27,186 - vojta wins the round.
2025-04-08 22:04:27,186 - vojta wins the round.
2025-04-08 22:04:27,187 - vojta wins the round.
2025-04-08 22:04:27,187 - luky wins the round.
2025-04-08 22:04:27,187 - luky wins the round.
2025-04-08 22:04:27,187 - luky wins the round.
2025-04-08 22:04:27,188 - vojta wins the round.
2025-04-08 22:04:27,188 - vojta wins the round.
2025-04-08 22:04:27,188 - vojta wins the round.
2025-04-08 22:04:27,189 - vojta wins the round.
2025-04-08 22:04:27,190 - luky wins the round.
2025-04-08 22:04:27,190 - vojta wins the round.
2025-04-08 22:04:27,190 - luky wins the round.
2025-04-08 22:04:27,190 - luky wins the round.
2025-04-08 22:04:27,191 - vojta wins the round.
2025-04-08 22:04:27,191 - luky wins the round.
2025-04-08 22:04:27,191 - vojta wins the round.
2025-04-08 22:04:27,191 - luky wins the round.
2025-04-08 22:04:27,191 - vojta wins the round.
2025-04-08 22:04:27,192 - luky wins the round.
2025-04-08 22:04:27,192 - vojta wins the round.
2025-04-08 22:04:27,192 - luky wins the round.
2025-04-08 22:04:27,192 - vojta wins the round.
2025-04-08 22:04:27,192 - luky wins the round.
2025-04-08 22:04:27,193 - vojta wins the round.
2025-04-08 22:04:27,193 - War started between: luky, vojta
2025-04-08 22:04:27,193 - luky wins the war.
2025-04-08 22:04:27,193 - vojta wins the round.
2025-04-08 22:04:27,193 - luky wins the round.
2025-04-08 22:04:27,194 - War started between: luky, vojta
2025-04-08 22:04:27,194 - vojta can't continue war. killed.
2025-04-08 22:04:27,194 - luky wins the war.
2025-04-08 22:04:27,194 - luky wins
